nodeのビルドでエラーが出ます、原因がサッパリわかりません
MacBook Pro Mid 2012、iMac Late 2013 の２台共に OS10.13 High Sierra
llvm@15だと２台共問題なくnodeのビルドできますが、llvm(llvm@16)だとiMacでエラーになります
以下がエラーログになります、なぜにiMacだけダメなのか色々と詳しい方、どうか解決方法教えて下さい

(node):cat 02.make
2023-06-03 08:55:28 +0000

make
install

/Applications/Xcode.app/Contents/Developer/usr/bin/make -C out BUILDTYPE=Release V=0
  touch /private/tmp/node-20230603-64168-10qb5be/node-v20.2.0/out/Release/obj.target/deps/googletest/gtest_prod.stamp
  touch /private/tmp/node-20230603-64168-10qb5be/node-v20.2.0/out/Release/obj.target/tools/icu/icui18n.stamp
  touch /private/tmp/node-20230603-64168-10qb5be/node-v20.2.0/out/Release/obj.target/tools/icu/icuuc.stamp
  llvm_clang -o /private/tmp/node-20230603-64168-10qb5be/node-v20.2.0/out/Release/obj.target/base64/deps/base64/base64/lib/arch/generic/codec.o ../deps/base64/base64/lib/arch/generic/codec.c '-DV8_DEPRECATION_WARNINGS' '-DV8_IMMINENT_DEPRECATION_WARNINGS' '-D_GLIBCXX_USE_CXX11_ABI=1' '-DNODE_OPENSSL_CONF_NAME=nodejs_conf' '-DNODE_OPENSSL_CERT_STORE' '-DICU_NO_USER_DATA_OVERRIDE' '-D_DARWIN_USE_64_BIT_INODE=1' '-DBASE64_STATIC_DEFINE' '-DHAVE_SSSE3=1' '-DHAVE_SSE41=1' '-DHAVE_SSE42=1' '-DHAVE_AVX=1' '-DHAVE_AVX2=1' -I/usr/local/opt/libuv/include -I/usr/local/opt/brotli/include -I/usr/local/opt/c-ares/include -I/usr/local/opt/libnghttp2/include -I/usr/local/opt/openssl@1.1/include -I/usr/local/Cellar/icu4c/72.1/include -I../deps/base64/base64/include -I../deps/base64/base64/lib  -O3 -gdwarf-2 -mmacosx-version-min=10.15 -arch i386 -Wall -Wendif-labels -W -Wno-unused-parameter -fno-strict-aliasing -MMD -MF /private/tmp/node-20230603-64168-10qb5be/node-v20.2.0/out/Release/.deps//private/tmp/node-20230603-64168-10qb5be/node-v20.2.0/out/Release/obj.target/base64/deps/base64/base64/lib/arch/generic/codec.o.d.raw   -c
  llvm_clang -o /private/tmp/node-20230603-64168-10qb5be/node-v20.2.0/out/Release/obj.target/base64/deps/base64/base64/lib/tables/tables.o ../deps/base64/base64/lib/tables/tables.c '-DV8_DEPRECATION_WARNINGS' '-DV8_IMMINENT_DEPRECATION_WARNINGS' '-D_GLIBCXX_USE_CXX11_ABI=1' '-DNODE_OPENSSL_CONF_NAME=nodejs_conf' '-DNODE_OPENSSL_CERT_STORE' '-DICU_NO_USER_DATA_OVERRIDE' '-D_DARWIN_USE_64_BIT_INODE=1' '-DBASE64_STATIC_DEFINE' '-DHAVE_SSSE3=1' '-DHAVE_SSE41=1' '-DHAVE_SSE42=1' '-DHAVE_AVX=1' '-DHAVE_AVX2=1' -I/usr/local/opt/libuv/include -I/usr/local/opt/brotli/include -I/usr/local/opt/c-ares/include -I/usr/local/opt/libnghttp2/include -I/usr/local/opt/openssl@1.1/include -I/usr/local/Cellar/icu4c/72.1/include -I../deps/base64/base64/include -I../deps/base64/base64/lib  -O3 -gdwarf-2 -mmacosx-version-min=10.15 -arch i386 -Wall -Wendif-labels -W -Wno-unused-parameter -fno-strict-aliasing -MMD -MF /private/tmp/node-20230603-64168-10qb5be/node-v20.2.0/out/Release/.deps//private/tmp/node-20230603-64168-10qb5be/node-v20.2.0/out/Release/obj.target/base64/deps/base64/base64/lib/tables/tables.o.d.raw   -c
  llvm_clang -o /private/tmp/node-20230603-64168-10qb5be/node-v20.2.0/out/Release/obj.target/base64/deps/base64/base64/lib/codec_choose.o ../deps/base64/base64/lib/codec_choose.c '-DV8_DEPRECATION_WARNINGS' '-DV8_IMMINENT_DEPRECATION_WARNINGS' '-D_GLIBCXX_USE_CXX11_ABI=1' '-DNODE_OPENSSL_CONF_NAME=nodejs_conf' '-DNODE_OPENSSL_CERT_STORE' '-DICU_NO_USER_DATA_OVERRIDE' '-D_DARWIN_USE_64_BIT_INODE=1' '-DBASE64_STATIC_DEFINE' '-DHAVE_SSSE3=1' '-DHAVE_SSE41=1' '-DHAVE_SSE42=1' '-DHAVE_AVX=1' '-DHAVE_AVX2=1' -I/usr/local/opt/libuv/include -I/usr/local/opt/brotli/include -I/usr/local/opt/c-ares/include -I/usr/local/opt/libnghttp2/include -I/usr/local/opt/openssl@1.1/include -I/usr/local/Cellar/icu4c/72.1/include -I../deps/base64/base64/include -I../deps/base64/base64/lib  -O3 -gdwarf-2 -mmacosx-version-min=10.15 -arch i386 -Wall -Wendif-labels -W -Wno-unused-parameter -fno-strict-aliasing -MMD -MF /private/tmp/node-20230603-64168-10qb5be/node-v20.2.0/out/Release/.deps//private/tmp/node-20230603-64168-10qb5be/node-v20.2.0/out/Release/obj.target/base64/deps/base64/base64/lib/codec_choose.o.d.raw   -c
  llvm_clang -o /private/tmp/node-20230603-64168-10qb5be/node-v20.2.0/out/Release/obj.target/base64/deps/base64/base64/lib/lib.o ../deps/base64/base64/lib/lib.c '-DV8_DEPRECATION_WARNINGS' '-DV8_IMMINENT_DEPRECATION_WARNINGS' '-D_GLIBCXX_USE_CXX11_ABI=1' '-DNODE_OPENSSL_CONF_NAME=nodejs_conf' '-DNODE_OPENSSL_CERT_STORE' '-DICU_NO_USER_DATA_OVERRIDE' '-D_DARWIN_USE_64_BIT_INODE=1' '-DBASE64_STATIC_DEFINE' '-DHAVE_SSSE3=1' '-DHAVE_SSE41=1' '-DHAVE_SSE42=1' '-DHAVE_AVX=1' '-DHAVE_AVX2=1' -I/usr/local/opt/libuv/include -I/usr/local/opt/brotli/include -I/usr/local/opt/c-ares/include -I/usr/local/opt/libnghttp2/include -I/usr/local/opt/openssl@1.1/include -I/usr/local/Cellar/icu4c/72.1/include -I../deps/base64/base64/include -I../deps/base64/base64/lib  -O3 -gdwarf-2 -mmacosx-version-min=10.15 -arch i386 -Wall -Wendif-labels -W -Wno-unused-parameter -fno-strict-aliasing -MMD -MF /private/tmp/node-20230603-64168-10qb5be/node-v20.2.0/out/Release/.deps//private/tmp/node-20230603-64168-10qb5be/node-v20.2.0/out/Release/obj.target/base64/deps/base64/base64/lib/lib.o.d.raw   -c

Failed to execute /usr/local/opt/llvm/bin/clang
     #  -pipe -w -Os -march=core2 -o /private/tmp/node-20230603-64168-10qb5be/node-v20.2.0/out/Release/obj.target/base64/deps/base64/base64/lib/arch/generic/codec.o ../deps/base64/base64/lib/arch/generic/codec.c -DV8_DEPRECATION_WARNINGS -DV8_IMMINENT_DEPRECATION_WARNINGS -D_GLIBCXX_USE_CXX11_ABI=1 -DNODE_OPENSSL_CONF_NAME=nodejs_conf -DNODE_OPENSSL_CERT_STORE -DICU_NO_USER_DATA_OVERRIDE -D_DARWIN_USE_64_BIT_INODE=1 -DBASE64_STATIC_DEFINE -DHAVE_SSSE3=1 -DHAVE_SSE41=1 -DHAVE_SSE42=1 -DHAVE_AVX=1 -DHAVE_AVX2=1 -I/usr/local/opt/libuv/include -I/usr/local/opt/brotli/include -I/usr/local/opt/c-ares/include -I/usr/local/opt/libnghttp2/include -I/usr/local/opt/openssl@1.1/include -I/usr/local/Cellar/icu4c/72.1/include -I../deps/base64/base64/include -I../deps/base64/base64/lib -gdwarf-2 -mmacosx-version-min=10.15 -Wno-unused-parameter -fno-strict-aliasing -MMD -MF /private/tmp/node-20230603-64168-10qb5be/node-v20.2.0/out/Release/.deps//private/tmp/node-20230603-64168-10qb5be/node-v20.2.0/out/Release/obj.target/base64/deps/base64/base64/lib/arch/generic/codec.o.d.raw -c -isystem/usr/local/include -isystem/usr/include/libxml2 -isystem/System/Library/Frameworks/OpenGL.framework/Versions/Current/Headers -I/usr/local/opt/icu4c/include -I/usr/local/opt/openssl@1.1/include -I/usr/local/opt/readline/include -I/usr/local/opt/sqlite/include -I/usr/local/opt/libffi/include -I/usr/local/opt/llvm/include

Xcode and/or the CLT appear to be misconfigured. Try one or both of the following:
  xcodebuild -license
  sudo xcode-select --switch /path/to/Xcode.app

make[1]: *** [/private/tmp/node-20230603-64168-10qb5be/node-v20.2.0/out/Release/obj.target/base64/deps/base64/base64/lib/arch/generic/codec.o] Error 1
make[1]: *** Waiting for unfinished jobs....

Failed to execute /usr/local/opt/llvm/bin/clang
     #  -pipe -w -Os -march=core2 -o /private/tmp/node-20230603-64168-10qb5be/node-v20.2.0/out/Release/obj.target/base64/deps/base64/base64/lib/tables/tables.o ../deps/base64/base64/lib/tables/tables.c -DV8_DEPRECATION_WARNINGS -DV8_IMMINENT_DEPRECATION_WARNINGS -D_GLIBCXX_USE_CXX11_ABI=1 -DNODE_OPENSSL_CONF_NAME=nodejs_conf -DNODE_OPENSSL_CERT_STORE -DICU_NO_USER_DATA_OVERRIDE -D_DARWIN_USE_64_BIT_INODE=1 -DBASE64_STATIC_DEFINE -DHAVE_SSSE3=1 -DHAVE_SSE41=1 -DHAVE_SSE42=1 -DHAVE_AVX=1 -DHAVE_AVX2=1 -I/usr/local/opt/libuv/include -I/usr/local/opt/brotli/include -I/usr/local/opt/c-ares/include -I/usr/local/opt/libnghttp2/include -I/usr/local/opt/openssl@1.1/include -I/usr/local/Cellar/icu4c/72.1/include -I../deps/base64/base64/include -I../deps/base64/base64/lib -gdwarf-2 -mmacosx-version-min=10.15 -Wno-unused-parameter -fno-strict-aliasing -MMD -MF /private/tmp/node-20230603-64168-10qb5be/node-v20.2.0/out/Release/.deps//private/tmp/node-20230603-64168-10qb5be/node-v20.2.0/out/Release/obj.target/base64/deps/base64/base64/lib/tables/tables.o.d.raw -c -isystem/usr/local/include -isystem/usr/include/libxml2 -isystem/System/Library/Frameworks/OpenGL.framework/Versions/Current/Headers -I/usr/local/opt/icu4c/include -I/usr/local/opt/openssl@1.1/include -I/usr/local/opt/readline/include -I/usr/local/opt/sqlite/include -I/usr/local/opt/libffi/include -I/usr/local/opt/llvm/include

Xcode and/or the CLT appear to be misconfigured. Try one or both of the following:
  xcodebuild -license
  sudo xcode-select --switch /path/to/Xcode.app

make[1]: *** [/private/tmp/node-20230603-64168-10qb5be/node-v20.2.0/out/Release/obj.target/base64/deps/base64/base64/lib/tables/tables.o] Error 1

Failed to execute /usr/local/opt/llvm/bin/clang
     #  -pipe -w -Os -march=core2 -o /private/tmp/node-20230603-64168-10qb5be/node-v20.2.0/out/Release/obj.target/base64/deps/base64/base64/lib/codec_choose.o ../deps/base64/base64/lib/codec_choose.c -DV8_DEPRECATION_WARNINGS -DV8_IMMINENT_DEPRECATION_WARNINGS -D_GLIBCXX_USE_CXX11_ABI=1 -DNODE_OPENSSL_CONF_NAME=nodejs_conf -DNODE_OPENSSL_CERT_STORE -DICU_NO_USER_DATA_OVERRIDE -D_DARWIN_USE_64_BIT_INODE=1 -DBASE64_STATIC_DEFINE -DHAVE_SSSE3=1 -DHAVE_SSE41=1 -DHAVE_SSE42=1 -DHAVE_AVX=1 -DHAVE_AVX2=1 -I/usr/local/opt/libuv/include -I/usr/local/opt/brotli/include -I/usr/local/opt/c-ares/include -I/usr/local/opt/libnghttp2/include -I/usr/local/opt/openssl@1.1/include -I/usr/local/Cellar/icu4c/72.1/include -I../deps/base64/base64/include -I../deps/base64/base64/lib -gdwarf-2 -mmacosx-version-min=10.15 -Wno-unused-parameter -fno-strict-aliasing -MMD -MF /private/tmp/node-20230603-64168-10qb5be/node-v20.2.0/out/Release/.deps//private/tmp/node-20230603-64168-10qb5be/node-v20.2.0/out/Release/obj.target/base64/deps/base64/base64/lib/codec_choose.o.d.raw -c -isystem/usr/local/include -isystem/usr/include/libxml2 -isystem/System/Library/Frameworks/OpenGL.framework/Versions/Current/Headers -I/usr/local/opt/icu4c/include -I/usr/local/opt/openssl@1.1/include -I/usr/local/opt/readline/include -I/usr/local/opt/sqlite/include -I/usr/local/opt/libffi/include -I/usr/local/opt/llvm/include

Xcode and/or the CLT appear to be misconfigured. Try one or both of the following:
  xcodebuild -license
  sudo xcode-select --switch /path/to/Xcode.app

make[1]: *** [/private/tmp/node-20230603-64168-10qb5be/node-v20.2.0/out/Release/obj.target/base64/deps/base64/base64/lib/codec_choose.o] Error 1

Failed to execute /usr/local/opt/llvm/bin/clang
     #  -pipe -w -Os -march=core2 -o /private/tmp/node-20230603-64168-10qb5be/node-v20.2.0/out/Release/obj.target/base64/deps/base64/base64/lib/lib.o ../deps/base64/base64/lib/lib.c -DV8_DEPRECATION_WARNINGS -DV8_IMMINENT_DEPRECATION_WARNINGS -D_GLIBCXX_USE_CXX11_ABI=1 -DNODE_OPENSSL_CONF_NAME=nodejs_conf -DNODE_OPENSSL_CERT_STORE -DICU_NO_USER_DATA_OVERRIDE -D_DARWIN_USE_64_BIT_INODE=1 -DBASE64_STATIC_DEFINE -DHAVE_SSSE3=1 -DHAVE_SSE41=1 -DHAVE_SSE42=1 -DHAVE_AVX=1 -DHAVE_AVX2=1 -I/usr/local/opt/libuv/include -I/usr/local/opt/brotli/include -I/usr/local/opt/c-ares/include -I/usr/local/opt/libnghttp2/include -I/usr/local/opt/openssl@1.1/include -I/usr/local/Cellar/icu4c/72.1/include -I../deps/base64/base64/include -I../deps/base64/base64/lib -gdwarf-2 -mmacosx-version-min=10.15 -Wno-unused-parameter -fno-strict-aliasing -MMD -MF /private/tmp/node-20230603-64168-10qb5be/node-v20.2.0/out/Release/.deps//private/tmp/node-20230603-64168-10qb5be/node-v20.2.0/out/Release/obj.target/base64/deps/base64/base64/lib/lib.o.d.raw -c -isystem/usr/local/include -isystem/usr/include/libxml2 -isystem/System/Library/Frameworks/OpenGL.framework/Versions/Current/Headers -I/usr/local/opt/icu4c/include -I/usr/local/opt/openssl@1.1/include -I/usr/local/opt/readline/include -I/usr/local/opt/sqlite/include -I/usr/local/opt/libffi/include -I/usr/local/opt/llvm/include

Xcode and/or the CLT appear to be misconfigured. Try one or both of the following:
  xcodebuild -license
  sudo xcode-select --switch /path/to/Xcode.app

make[1]: *** [/private/tmp/node-20230603-64168-10qb5be/node-v20.2.0/out/Release/obj.target/base64/deps/base64/base64/lib/lib.o] Error 1
make: *** [node] Error 2

HOMEBREW_VERSION: 4.0.20-13-gf7d86ff-dirty
ORIGIN: https://github.com/Homebrew/brew
HEAD: f7d86ff9bc166cf59a4cdec3520d45eec9a49e75
Last commit: 29 hours ago
Core tap origin: https://github.com/Homebrew/homebrew-core
Core tap HEAD: 4a5eff710a0eb46b599a2c6be47d1cdb0007f064
Core tap last commit: 27 hours ago
Core tap branch: master
HOMEBREW_PREFIX: /usr/local
HOMEBREW_CASK_OPTS: []
HOMEBREW_DISPLAY: :0
HOMEBREW_MAKE_JOBS: 4
HOMEBREW_NO_BOOTSNAP: set
HOMEBREW_NO_INSTALL_FROM_API: set
Homebrew Ruby: 2.6.10 => /usr/local/Homebrew/Library/Homebrew/vendor/portable-ruby/2.6.10_1/bin/ruby
CPU: quad-core 64-bit haswell
Clang: 10.0.0 build 1000
Git: 2.41.0 => /usr/local/bin/git
Curl: 7.54.0 => /usr/bin/curl
macOS: 10.13.6-x86_64
CLT: 10.1.0.0.1.1539992718
Xcode: 10.1

HOMEBREW_CC: llvm_clang
HOMEBREW_CXX: llvm_clang++
MAKEFLAGS: -j4
CMAKE_PREFIX_PATH: /usr/local/opt/icu4c:/usr/local/opt/openssl@1.1:/usr/local/opt/readline:/usr/local/opt/sqlite:/usr/local/opt/libffi:/usr/local/opt/llvm:/usr/local
CMAKE_INCLUDE_PATH: /usr/include/libxml2:/System/Library/Frameworks/OpenGL.framework/Versions/Current/Headers
CMAKE_LIBRARY_PATH: /System/Library/Frameworks/OpenGL.framework/Versions/Current/Libraries
CMAKE_FRAMEWORK_PATH: /usr/local/opt/python@3.11/Frameworks
PKG_CONFIG_PATH: /usr/local/opt/python@3.11/lib/pkgconfig:/usr/local/opt/brotli/lib/pkgconfig:/usr/local/opt/c-ares/lib/pkgconfig:/usr/local/opt/icu4c/lib/pkgconfig:/usr/local/opt/libnghttp2/lib/pkgconfig:/usr/local/opt/libuv/lib/pkgconfig:/usr/local/opt/openssl@1.1/lib/pkgconfig:/usr/local/opt/readline/lib/pkgconfig:/usr/local/opt/sqlite/lib/pkgconfig:/usr/local/opt/xz/lib/pkgconfig:/usr/local/opt/libffi/lib/pkgconfig
PKG_CONFIG_LIBDIR: /usr/lib/pkgconfig:/usr/local/Homebrew/Library/Homebrew/os/mac/pkgconfig/10.13
HOMEBREW_GIT: git
ACLOCAL_PATH: /usr/local/share/aclocal
PATH: /usr/local/Homebrew/Library/Homebrew/shims/mac/super:/usr/local/opt/pkg-config/bin:/usr/local/opt/python@3.11/bin:/usr/local/opt/brotli/bin:/usr/local/opt/c-ares/bin:/usr/local/opt/icu4c/bin:/usr/local/opt/openssl@1.1/bin:/usr/local/opt/sqlite/bin:/usr/local/opt/xz/bin:/usr/local/opt/llvm/bin:/usr/local/opt/python@3.11/libexec/bin:/usr/bin:/bin:/usr/sbin:/sbin:/usr/local/opt/gcc/bin


